c:\users\dell\source\repos\02-mymathclientexplicit\debug\vc141.pdb
c:\users\dell\source\repos\02-mymathclientexplicit\debug\vc141.idb
c:\users\dell\source\repos\02-mymathclientexplicit\debug\source.obj
d:\winrt\win32sdk\03-dll\03-dll_client\02-mymathclientexplicit__declspec\debug\vc141.pdb
d:\winrt\win32sdk\03-dll\03-dll_client\02-mymathclientexplicit__declspec\debug\vc141.idb
d:\winrt\win32sdk\03-dll\03-dll_client\02-mymathclientexplicit__declspec\debug\source.obj
c:\users\dell\source\repos\02-mymathclientexplicit\debug\02-mymathclientexplicit.ilk
c:\users\dell\source\repos\02-mymathclientexplicit\debug\02-mymathclientexplicit.exe
c:\users\dell\source\repos\02-mymathclientexplicit\debug\02-mymathclientexplicit.pdb
d:\winrt\win32sdk\03-dll\03-dll_client\02-mymathclientexplicit__declspec\debug\02-mymathclientexplicit.pdb
d:\winrt\win32sdk\03-dll\03-dll_client\02-mymathclientexplicit__declspec\debug\02-mymat.41c7e837.tlog\cl.command.1.tlog
d:\winrt\win32sdk\03-dll\03-dll_client\02-mymathclientexplicit__declspec\debug\02-mymat.41c7e837.tlog\cl.read.1.tlog
d:\winrt\win32sdk\03-dll\03-dll_client\02-mymathclientexplicit__declspec\debug\02-mymat.41c7e837.tlog\cl.write.1.tlog
d:\winrt\win32sdk\03-dll\03-dll_client\02-mymathclientexplicit__declspec\debug\02-mymat.41c7e837.tlog\link-cvtres.read.1.tlog
d:\winrt\win32sdk\03-dll\03-dll_client\02-mymathclientexplicit__declspec\debug\02-mymat.41c7e837.tlog\link-cvtres.write.1.tlog
d:\winrt\win32sdk\03-dll\03-dll_client\02-mymathclientexplicit__declspec\debug\02-mymat.41c7e837.tlog\link-rc.read.1.tlog
d:\winrt\win32sdk\03-dll\03-dll_client\02-mymathclientexplicit__declspec\debug\02-mymat.41c7e837.tlog\link-rc.write.1.tlog
d:\winrt\win32sdk\03-dll\03-dll_client\02-mymathclientexplicit__declspec\debug\02-mymat.41c7e837.tlog\link.command.1.tlog
d:\winrt\win32sdk\03-dll\03-dll_client\02-mymathclientexplicit__declspec\debug\02-mymat.41c7e837.tlog\link.read.1.tlog
d:\winrt\win32sdk\03-dll\03-dll_client\02-mymathclientexplicit__declspec\debug\02-mymat.41c7e837.tlog\link.write.1.tlog
